# JRE version: OpenJDK Runtime Environment (19.0+36) (build 19+36-2238)
# Java VM: OpenJDK 64-Bit Server VM (19+36-2238, mixed mode, tiered, compressed oops, compressed class ptrs, g1 gc, windows-amd64)
GC Precious Log:
 CardTable entry size: 512
 Card Set container configuration: InlinePtr #cards 4 size 8 Array Of Cards #cards 8 size 32 Howl #buckets 8 coarsen threshold 3686 Howl Bitmap #cards 512 size 80 coarsen threshold 460 Card regions per heap region 1 cards per card region 4096
 CPUs: 8 total, 8 available
 Memory: 16066M
 Large Page Support: Disabled
 NUMA Support: Disabled
 Compressed Oops: Enabled (Zero based)
 Heap Region Size: 2M
 Heap Min Capacity: 8M
 Heap Initial Capacity: 252M
 Heap Max Capacity: 4018M
 Pre-touch: Disabled
 Parallel Workers: 8
 Concurrent Workers: 2
 Concurrent Refinement Workers: 8
 Periodic GC: Disabled
Heap:
 garbage-first heap   total 573440K, used 301074K [0x0000000704e00000, 0x0000000800000000)
  region size 2048K, 61 young (124928K), 2 survivors (4096K)
 Metaspace       used 43433K, committed 44096K, reserved 1114112K
  class space    used 5321K, committed 5632K, reserved 1048576K
GC Heap History (20 events):
Event: 5413.119 GC heap before
{Heap before GC invocations=193 (full 0):
 garbage-first heap   total 229376K, used 207009K [0x0000000704e00000, 0x0000000800000000)
  region size 2048K, 5 young (10240K), 1 survivors (2048K)
 Metaspace       used 43570K, committed 44096K, reserved 1114112K
  class space    used 5371K, committed 5632K, reserved 1048576K
}
Event: 5413.121 GC heap after
{Heap after GC invocations=194 (full 0):
 garbage-first heap   total 229376K, used 198440K [0x0000000704e00000, 0x0000000800000000)
  region size 2048K, 1 young (2048K), 1 survivors (2048K)
 Metaspace       used 43570K, committed 44096K, reserved 1114112K
  class space    used 5371K, committed 5632K, reserved 1048576K
}
Event: 5413.140 GC heap before
{Heap before GC invocations=194 (full 0):
 garbage-first heap   total 229376K, used 206632K [0x0000000704e00000, 0x0000000800000000)
  region size 2048K, 5 young (10240K), 1 survivors (2048K)
 Metaspace       used 43570K, committed 44096K, reserved 1114112K
  class space    used 5371K, committed 5632K, reserved 1048576K
}
Event: 5413.142 GC heap after
{Heap after GC invocations=195 (full 0):
 garbage-first heap   total 229376K, used 198769K [0x0000000704e00000, 0x0000000800000000)
  region size 2048K, 1 young (2048K), 1 survivors (2048K)
 Metaspace       used 43570K, committed 44096K, reserved 1114112K
  class space    used 5371K, committed 5632K, reserved 1048576K
}
Event: 5413.677 GC heap before
{Heap before GC invocations=195 (full 0):
 garbage-first heap   total 229376K, used 206961K [0x0000000704e00000, 0x0000000800000000)
  region size 2048K, 5 young (10240K), 1 survivors (2048K)
 Metaspace       used 43570K, committed 44096K, reserved 1114112K
  class space    used 5371K, committed 5632K, reserved 1048576K
}
Event: 5413.680 GC heap after
{Heap after GC invocations=196 (full 0):
 garbage-first heap   total 229376K, used 199458K [0x0000000704e00000, 0x0000000800000000)
  region size 2048K, 1 young (2048K), 1 survivors (2048K)
 Metaspace       used 43570K, committed 44096K, reserved 1114112K
  class space    used 5371K, committed 5632K, reserved 1048576K
}
Event: 5413.707 GC heap before
{Heap before GC invocations=196 (full 0):
 garbage-first heap   total 229376K, used 207650K [0x0000000704e00000, 0x0000000800000000)
  region size 2048K, 5 young (10240K), 1 survivors (2048K)
 Metaspace       used 43570K, committed 44096K, reserved 1114112K
  class space    used 5371K, committed 5632K, reserved 1048576K
}
Event: 5413.710 GC heap after
{Heap after GC invocations=197 (full 0):
 garbage-first heap   total 229376K, used 199981K [0x0000000704e00000, 0x0000000800000000)
  region size 2048K, 1 young (2048K), 1 survivors (2048K)
 Metaspace       used 43570K, committed 44096K, reserved 1114112K
  class space    used 5371K, committed 5632K, reserved 1048576K
}
Event: 5414.425 GC heap before
{Heap before GC invocations=197 (full 0):
 garbage-first heap   total 229376K, used 208173K [0x0000000704e00000, 0x0000000800000000)
  region size 2048K, 5 young (10240K), 1 survivors (2048K)
 Metaspace       used 43570K, committed 44096K, reserved 1114112K
  class space    used 5371K, committed 5632K, reserved 1048576K
}
Event: 5414.428 GC heap after
{Heap after GC invocations=198 (full 0):
 garbage-first heap   total 229376K, used 200477K [0x0000000704e00000, 0x0000000800000000)
  region size 2048K, 1 young (2048K), 1 survivors (2048K)
 Metaspace       used 43570K, committed 44096K, reserved 1114112K
  class space    used 5371K, committed 5632K, reserved 1048576K
}
Event: 5414.454 GC heap before
{Heap before GC invocations=198 (full 0):
 garbage-first heap   total 229376K, used 208669K [0x0000000704e00000, 0x0000000800000000)
  region size 2048K, 5 young (10240K), 1 survivors (2048K)
 Metaspace       used 43571K, committed 44096K, reserved 1114112K
  class space    used 5371K, committed 5632K, reserved 1048576K
}
Event: 5414.457 GC heap after
{Heap after GC invocations=199 (full 0):
 garbage-first heap   total 229376K, used 200783K [0x0000000704e00000, 0x0000000800000000)
  region size 2048K, 1 young (2048K), 1 survivors (2048K)
 Metaspace       used 43571K, committed 44096K, reserved 1114112K
  class space    used 5371K, committed 5632K, reserved 1048576K
}
Event: 5414.914 GC heap before
{Heap before GC invocations=200 (full 0):
 garbage-first heap   total 286720K, used 174159K [0x0000000704e00000, 0x0000000800000000)
  region size 2048K, 7 young (14336K), 1 survivors (2048K)
 Metaspace       used 43370K, committed 44096K, reserved 1114112K
  class space    used 5318K, committed 5632K, reserved 1048576K
}
Event: 5414.919 GC heap after
{Heap after GC invocations=201 (full 0):
 garbage-first heap   total 286720K, used 162080K [0x0000000704e00000, 0x0000000800000000)
  region size 2048K, 1 young (2048K), 1 survivors (2048K)
 Metaspace       used 43370K, committed 44096K, reserved 1114112K
  class space    used 5318K, committed 5632K, reserved 1048576K
}
Event: 5414.954 GC heap before
{Heap before GC invocations=201 (full 0):
 garbage-first heap   total 286720K, used 174368K [0x0000000704e00000, 0x0000000800000000)
  region size 2048K, 7 young (14336K), 1 survivors (2048K)
 Metaspace       used 43370K, committed 44096K, reserved 1114112K
  class space    used 5318K, committed 5632K, reserved 1048576K
}
Event: 5414.965 GC heap after
{Heap after GC invocations=202 (full 0):
 garbage-first heap   total 286720K, used 149484K [0x0000000704e00000, 0x0000000800000000)
  region size 2048K, 1 young (2048K), 1 survivors (2048K)
 Metaspace       used 43370K, committed 44096K, reserved 1114112K
  class space    used 5318K, committed 5632K, reserved 1048576K
}
Event: 5425.380 GC heap before
{Heap before GC invocations=202 (full 0):
 garbage-first heap   total 286720K, used 237548K [0x0000000704e00000, 0x0000000800000000)
  region size 2048K, 44 young (90112K), 1 survivors (2048K)
 Metaspace       used 43380K, committed 44096K, reserved 1114112K
  class space    used 5318K, committed 5632K, reserved 1048576K
}
Event: 5425.384 GC heap after
{Heap after GC invocations=203 (full 0):
 garbage-first heap   total 573440K, used 149685K [0x0000000704e00000, 0x0000000800000000)
  region size 2048K, 1 young (2048K), 1 survivors (2048K)
 Metaspace       used 43380K, committed 44096K, reserved 1114112K
  class space    used 5318K, committed 5632K, reserved 1048576K
}
Event: 5443.280 GC heap before
{Heap before GC invocations=203 (full 0):
 garbage-first heap   total 573440K, used 475317K [0x0000000704e00000, 0x0000000800000000)
  region size 2048K, 148 young (303104K), 1 survivors (2048K)
 Metaspace       used 43421K, committed 44096K, reserved 1114112K
  class space    used 5319K, committed 5632K, reserved 1048576K
}
Event: 5443.285 GC heap after
{Heap after GC invocations=204 (full 0):
 garbage-first heap   total 573440K, used 170002K [0x0000000704e00000, 0x0000000800000000)
  region size 2048K, 2 young (4096K), 2 survivors (4096K)
 Metaspace       used 43421K, committed 44096K, reserved 1114112K
  class space    used 5319K, committed 5632K, reserved 1048576K
}

